mode: set
github.com/NayronFerreira/rate-limit-challenge/ratelimiter/rate_limiter.go:25.159,34.2 2 1
github.com/NayronFerreira/rate-limit-challenge/ratelimiter/rate_limiter.go:36.105,50.22 5 1
github.com/NayronFerreira/rate-limit-challenge/ratelimiter/rate_limiter.go:50.22,56.3 3 1
github.com/NayronFerreira/rate-limit-challenge/ratelimiter/rate_limiter.go:58.2,58.12 1 1
github.com/NayronFerreira/rate-limit-challenge/ratelimiter/rate_limiter.go:58.12,61.3 2 1
github.com/NayronFerreira/rate-limit-challenge/ratelimiter/rate_limiter.go:63.2,66.25 3 1
github.com/NayronFerreira/rate-limit-challenge/ratelimiter/rate_limiter.go:66.25,67.19 1 1
github.com/NayronFerreira/rate-limit-challenge/ratelimiter/rate_limiter.go:67.19,70.4 2 0
github.com/NayronFerreira/rate-limit-challenge/ratelimiter/rate_limiter.go:70.9,70.23 1 1
github.com/NayronFerreira/rate-limit-challenge/ratelimiter/rate_limiter.go:70.23,72.4 1 0
github.com/NayronFerreira/rate-limit-challenge/ratelimiter/rate_limiter.go:75.2,75.23 1 1
github.com/NayronFerreira/rate-limit-challenge/ratelimiter/rate_limiter.go:78.104,80.16 2 1
github.com/NayronFerreira/rate-limit-challenge/ratelimiter/rate_limiter.go:80.16,82.3 1 0
github.com/NayronFerreira/rate-limit-challenge/ratelimiter/rate_limiter.go:84.2,84.15 1 1
github.com/NayronFerreira/rate-limit-challenge/ratelimiter/rate_limiter.go:84.15,86.3 1 0
github.com/NayronFerreira/rate-limit-challenge/ratelimiter/rate_limiter.go:88.2,95.36 5 1
github.com/NayronFerreira/rate-limit-challenge/ratelimiter/rate_limiter.go:95.36,97.3 1 0
github.com/NayronFerreira/rate-limit-challenge/ratelimiter/rate_limiter.go:100.2,101.36 2 1
github.com/NayronFerreira/rate-limit-challenge/ratelimiter/rate_limiter.go:101.36,103.3 1 0
github.com/NayronFerreira/rate-limit-challenge/ratelimiter/rate_limiter.go:105.2,107.13 2 1
github.com/NayronFerreira/rate-limit-challenge/ratelimiter/rate_limiter.go:107.13,113.23 4 1
github.com/NayronFerreira/rate-limit-challenge/ratelimiter/rate_limiter.go:113.23,115.4 1 0
github.com/NayronFerreira/rate-limit-challenge/ratelimiter/rate_limiter.go:117.3,123.77 3 1
github.com/NayronFerreira/rate-limit-challenge/ratelimiter/rate_limiter.go:123.77,125.4 1 0
github.com/NayronFerreira/rate-limit-challenge/ratelimiter/rate_limiter.go:126.3,126.43 1 1
github.com/NayronFerreira/rate-limit-challenge/ratelimiter/rate_limiter.go:128.8,130.3 1 0
github.com/NayronFerreira/rate-limit-challenge/ratelimiter/rate_limiter.go:132.2,132.33 1 1
github.com/NayronFerreira/rate-limit-challenge/ratelimiter/rate_limiter.go:132.33,140.17 4 1
github.com/NayronFerreira/rate-limit-challenge/ratelimiter/rate_limiter.go:140.17,142.4 1 0
github.com/NayronFerreira/rate-limit-challenge/ratelimiter/rate_limiter.go:144.3,144.20 1 1
github.com/NayronFerreira/rate-limit-challenge/ratelimiter/rate_limiter.go:147.2,147.44 1 0
github.com/NayronFerreira/rate-limit-challenge/ratelimiter/rate_limiter.go:147.44,149.3 1 0
github.com/NayronFerreira/rate-limit-challenge/ratelimiter/rate_limiter.go:150.2,152.18 2 0
github.com/NayronFerreira/rate-limit-challenge/ratelimiter/rate_limiter.go:155.71,157.2 1 1
github.com/NayronFerreira/rate-limit-challenge/ratelimiter/rate_limiter.go:159.83,161.16 2 1
github.com/NayronFerreira/rate-limit-challenge/ratelimiter/rate_limiter.go:161.16,163.3 1 0
github.com/NayronFerreira/rate-limit-challenge/ratelimiter/rate_limiter.go:164.2,164.25 1 1
github.com/NayronFerreira/rate-limit-challenge/ratelimiter/rate_limiter.go:167.54,170.2 2 0
github.com/NayronFerreira/rate-limit-challenge/ratelimiter/rate_limiter.go:172.77,174.45 1 1
github.com/NayronFerreira/rate-limit-challenge/ratelimiter/rate_limiter.go:174.45,185.17 3 1
github.com/NayronFerreira/rate-limit-challenge/ratelimiter/rate_limiter.go:185.17,187.4 1 0
github.com/NayronFerreira/rate-limit-challenge/ratelimiter/rate_limiter.go:189.3,189.64 1 1
github.com/NayronFerreira/rate-limit-challenge/ratelimiter/rate_limiter.go:189.64,191.4 1 1
github.com/NayronFerreira/rate-limit-challenge/ratelimiter/rate_limiter.go:193.3,194.17 2 1
github.com/NayronFerreira/rate-limit-challenge/ratelimiter/rate_limiter.go:194.17,196.4 1 0
github.com/NayronFerreira/rate-limit-challenge/ratelimiter/rate_limiter.go:198.3,198.44 1 1
github.com/NayronFerreira/rate-limit-challenge/ratelimiter/rate_limiter.go:200.2,200.12 1 1
github.com/NayronFerreira/rate-limit-challenge/infra/database/mock_client_redis_data_limiter.go:15.102,18.2 2 0
github.com/NayronFerreira/rate-limit-challenge/infra/database/mock_client_redis_data_limiter.go:20.81,23.2 2 1
github.com/NayronFerreira/rate-limit-challenge/infra/database/mock_client_redis_data_limiter.go:25.101,28.2 2 1
github.com/NayronFerreira/rate-limit-challenge/infra/database/mock_client_redis_data_limiter.go:30.117,33.2 2 1
github.com/NayronFerreira/rate-limit-challenge/infra/database/mock_client_redis_data_limiter.go:35.86,38.2 2 1
github.com/NayronFerreira/rate-limit-challenge/infra/database/mock_client_redis_data_limiter.go:40.80,43.2 2 1
github.com/NayronFerreira/rate-limit-challenge/infra/database/mock_client_redis_data_limiter.go:45.115,48.2 2 1
github.com/NayronFerreira/rate-limit-challenge/infra/database/redis_client_data_limiter.go:11.58,17.2 1 0
github.com/NayronFerreira/rate-limit-challenge/infra/database/redis_client_data_limiter.go:23.66,25.2 1 1
github.com/NayronFerreira/rate-limit-challenge/infra/database/redis_client_data_limiter.go:27.103,29.2 1 1
github.com/NayronFerreira/rate-limit-challenge/infra/database/redis_client_data_limiter.go:31.82,33.2 1 1
github.com/NayronFerreira/rate-limit-challenge/infra/database/redis_client_data_limiter.go:35.102,37.2 1 1
github.com/NayronFerreira/rate-limit-challenge/infra/database/redis_client_data_limiter.go:39.118,41.2 1 1
github.com/NayronFerreira/rate-limit-challenge/infra/database/redis_client_data_limiter.go:43.87,45.2 1 1
github.com/NayronFerreira/rate-limit-challenge/infra/database/redis_client_data_limiter.go:47.81,49.2 1 1
github.com/NayronFerreira/rate-limit-challenge/infra/database/redis_client_data_limiter.go:51.116,53.2 1 1
